0 info it worked if it ends with ok
1 verbose cli [ 'C:\\opt\\nodejs\\node.exe',
1 verbose cli   'C:\\opt\\nodejs\\node_modules\\npm\\bin\\npm-cli.js',
1 verbose cli   'whoami' ]
2 info using npm@2.15.5
3 info using node@v4.4.5
4 verbose stack Error: this command requires you to be logged in.
4 verbose stack     at EventEmitter.whoami (C:\opt\nodejs\node_modules\npm\lib\whoami.js:42:18)
4 verbose stack     at Object.commandCache.(anonymous function) (C:\opt\nodejs\node_modules\npm\lib\npm.js:220:11)
4 verbose stack     at EventEmitter.<anonymous> (C:\opt\nodejs\node_modules\npm\bin\npm-cli.js:72:28)
4 verbose stack     at nextTickCallbackWith0Args (node.js:420:9)
4 verbose stack     at process._tickCallback (node.js:349:13)
5 verbose cwd C:\Users\mendogomeza\projects\SKIN\spal\app
6 error Windows_NT 6.1.7601
7 error argv "C:\\opt\\nodejs\\node.exe" "C:\\opt\\nodejs\\node_modules\\npm\\bin\\npm-cli.js" "whoami"
8 error node v4.4.5
9 error npm  v2.15.5
10 error code ENEEDAUTH
11 error need auth this command requires you to be logged in.
11 error need auth You need to authorize this machine using `npm adduser`
12 verbose exit [ 1, true ]
